<?xml version="1.0" encoding="UTF-8"?>
<!-- Generated by org.testng.reporters.JUnitXMLReporter -->
<testsuite ignored="0" hostname="Nareshs-MacBook-Pro.local" failures="0" tests="3" name="Default test" time="0.051" errors="0" timestamp="2023-10-12T13:25:34 MDT">
  <testcase classname="test.Feature1" name="F1_Test1" time="0.005"/>
  <testcase classname="test.Feature1" name="F1_Test2" time="0.001"/>
  <testcase classname="test.Feature1" name="F1_Test3" time="0.001"/>
</testsuite> <!-- Default test -->
