<?xml version="1.0" encoding="UTF-8"?>
<testsuite xmlns:xsi="http://www.w3.org/2001/XMLSchema-instance" xsi:noNamespaceSchemaLocation="https://maven.apache.org/surefire/maven-surefire-plugin/xsd/surefire-test-report-3.0.xsd" version="3.0" name="TestSuite" time="0.773" tests="3" errors="0" skipped="0" failures="0">
  <properties>
[...]
</properties>
  <testcase name="F1_Test1" classname="test.Feature1" time="0.003">
    <system-out><![CDATA[This is @BeforeClass: Feature1 class
Test case F1_Test1
]]></system-out>
    <system-err><![CDATA[SLF4J: Failed to load class "org.slf4j.impl.StaticLoggerBinder".
SLF4J: Defaulting to no-operation (NOP) logger implementation
SLF4J: See http://www.slf4j.org/codes.html#StaticLoggerBinder for further details.
]]></system-err>
  </testcase>
  <testcase name="F1_Test2" classname="test.Feature1" time="0.0">
    <system-out><![CDATA[Test case F1_Test2
]]></system-out>
  </testcase>
  <testcase name="F1_Test3" classname="test.Feature1" time="0.0">
    <system-out><![CDATA[Test case F1_Test3
]]></system-out>
  </testcase>
</testsuite>