<?xml version="1.0" encoding="UTF-8"?>
<testng-results ignored="0" total="3" passed="3" failed="0" skipped="0">
  <reporter-output>
  </reporter-output>
  <suite started-at="2023-10-12T13:45:30 MDT" name="Suite" finished-at="2023-10-12T13:45:30 MDT" duration-ms="42">
    <groups>
    </groups>
    <test started-at="2023-10-12T13:45:30 MDT" name="Test" finished-at="2023-10-12T13:45:30 MDT" duration-ms="42">
      <class name="test.Feature1">
        <test-method is-config="true" signature="setup()[pri:0, instance:test.Feature1@3745e5c6]" started-at="2023-10-12T13:45:30 MDT" name="setup" finished-at="2023-10-12T13:45:30 MDT" duration-ms="10" status="PASS">
          <reporter-output>
          </reporter-output>
        </test-method> <!-- setup -->
        <test-method signature="F1_Test1()[pri:0, instance:test.Feature1@3745e5c6]" started-at="2023-10-12T13:45:30 MDT" name="F1_Test1" finished-at="2023-10-12T13:45:30 MDT" duration-ms="1" status="PASS">
          <reporter-output>
          </reporter-output>
        </test-method> <!-- F1_Test1 -->
        <test-method signature="F1_Test2()[pri:0, instance:test.Feature1@3745e5c6]" started-at="2023-10-12T13:45:30 MDT" name="F1_Test2" finished-at="2023-10-12T13:45:30 MDT" duration-ms="0" status="PASS">
          <reporter-output>
          </reporter-output>
        </test-method> <!-- F1_Test2 -->
        <test-method signature="F1_Test3()[pri:0, instance:test.Feature1@3745e5c6]" started-at="2023-10-12T13:45:30 MDT" name="F1_Test3" finished-at="2023-10-12T13:45:30 MDT" duration-ms="1" status="PASS">
          <reporter-output>
          </reporter-output>
        </test-method> <!-- F1_Test3 -->
        <test-method is-config="true" signature="EndStep()[pri:0, instance:test.Feature1@3745e5c6]" started-at="2023-10-12T13:45:30 MDT" name="EndStep" finished-at="2023-10-12T13:45:30 MDT" duration-ms="1" status="PASS">
          <reporter-output>
          </reporter-output>
        </test-method> <!-- EndStep -->
      </class> <!-- test.Feature1 -->
    </test> <!-- Test -->
  </suite> <!-- Suite -->
</testng-results>
