<?xml version="1.0" encoding="UTF-8"?>
<testng-results ignored="0" total="3" passed="3" failed="0" skipped="0">
  <reporter-output>
  </reporter-output>
  <suite started-at="2023-10-12T13:42:19 MDT" name="Suite" finished-at="2023-10-12T13:42:19 MDT" duration-ms="44">
    <groups>
    </groups>
    <test started-at="2023-10-12T13:42:19 MDT" name="Test" finished-at="2023-10-12T13:42:19 MDT" duration-ms="44">
      <class name="test.Feature1">
        <test-method signature="F1_Test1()[pri:0, instance:test.Feature1@c03cf28]" started-at="2023-10-12T13:42:19 MDT" name="F1_Test1" finished-at="2023-10-12T13:42:19 MDT" duration-ms="7" status="PASS">
          <reporter-output>
          </reporter-output>
        </test-method> <!-- F1_Test1 -->
        <test-method signature="F1_Test2()[pri:0, instance:test.Feature1@c03cf28]" started-at="2023-10-12T13:42:19 MDT" name="F1_Test2" finished-at="2023-10-12T13:42:19 MDT" duration-ms="1" status="PASS">
          <reporter-output>
          </reporter-output>
        </test-method> <!-- F1_Test2 -->
        <test-method signature="F1_Test3()[pri:0, instance:test.Feature1@c03cf28]" started-at="2023-10-12T13:42:19 MDT" name="F1_Test3" finished-at="2023-10-12T13:42:19 MDT" duration-ms="1" status="PASS">
          <reporter-output>
          </reporter-output>
        </test-method> <!-- F1_Test3 -->
      </class> <!-- test.Feature1 -->
    </test> <!-- Test -->
  </suite> <!-- Suite -->
</testng-results>
